Started GET "/" for 127.0.0.1 at 2023-03-30 00:57:29 +0600
  [1m[35m (1.0ms)[0m  [1m[34mSELECT sqlite_version(*)[0m
Processing by Rails::WelcomeController#index as HTML
  Rendering /home/monoral/.rvm/gems/ruby-3.1.3/gems/railties-6.1.7.3/lib/rails/templates/rails/welcome/index.html.erb
  Rendered /home/monoral/.rvm/gems/ruby-3.1.3/gems/railties-6.1.7.3/lib/rails/templates/rails/welcome/index.html.erb (Duration: 4.0ms | Allocations: 506)
Completed 200 OK in 14ms (Views: 6.7ms | ActiveRecord: 0.0ms | Allocations: 4290)


Started GET "/" for 127.0.0.1 at 2023-03-31 19:15:16 +0600
Processing by ConverterController#index as HTML
  Rendering layout layouts/application.html.erb
  Rendering converter/index.html.erb within layouts/application
  Rendered converter/index.html.erb within layouts/application (Duration: 3.2ms | Allocations: 1279)
[Webpacker] Everything's up-to-date. Nothing to do
  Rendered layout layouts/application.html.erb (Duration: 43.5ms | Allocations: 15045)
Completed 200 OK in 53ms (Views: 45.8ms | ActiveRecord: 0.0ms | Allocations: 18103)


Started POST "/converter/convert" for 127.0.0.1 at 2023-03-31 19:15:35 +0600
Processing by ConverterController#convert as HTML
  Parameters: {"authenticity_token"=>"[FILTERED]", "amount"=>"10000", "from_currency"=>"RUB", "to_currency"=>"USD", "commit"=>"Convert"}
  Rendering layout layouts/application.html.erb
  Rendering converter/convert.html.erb within layouts/application
  Rendered converter/convert.html.erb within layouts/application (Duration: 0.8ms | Allocations: 194)
[Webpacker] Everything's up-to-date. Nothing to do
  Rendered layout layouts/application.html.erb (Duration: 4.0ms | Allocations: 3196)
Completed 200 OK in 1027ms (Views: 4.6ms | ActiveRecord: 0.0ms | Allocations: 5174)


Started POST "/converter/convert" for 127.0.0.1 at 2023-03-31 19:15:46 +0600
Processing by ConverterController#convert as HTML
  Parameters: {"authenticity_token"=>"[FILTERED]", "amount"=>"10000", "from_currency"=>"RUB", "to_currency"=>"EUR", "commit"=>"Convert"}
  Rendering layout layouts/application.html.erb
  Rendering converter/convert.html.erb within layouts/application
  Rendered converter/convert.html.erb within layouts/application (Duration: 0.1ms | Allocations: 10)
[Webpacker] Everything's up-to-date. Nothing to do
  Rendered layout layouts/application.html.erb (Duration: 6.2ms | Allocations: 2841)
Completed 200 OK in 898ms (Views: 7.2ms | ActiveRecord: 0.0ms | Allocations: 4027)


Started POST "/converter/convert" for 127.0.0.1 at 2023-03-31 19:15:55 +0600
Processing by ConverterController#convert as HTML
  Parameters: {"authenticity_token"=>"[FILTERED]", "amount"=>"4678", "from_currency"=>"RUB", "to_currency"=>"EUR", "commit"=>"Convert"}
  Rendering layout layouts/application.html.erb
  Rendering converter/convert.html.erb within layouts/application
  Rendered converter/convert.html.erb within layouts/application (Duration: 0.1ms | Allocations: 10)
[Webpacker] Everything's up-to-date. Nothing to do
  Rendered layout layouts/application.html.erb (Duration: 5.4ms | Allocations: 2841)
Completed 200 OK in 965ms (Views: 6.1ms | ActiveRecord: 0.0ms | Allocations: 3954)


Started GET "/converter/convert" for 127.0.0.1 at 2023-03-31 21:44:21 +0600
  
ActionController::RoutingError (No route matches [GET] "/converter/convert"):
  
Started GET "/converter/convert" for 127.0.0.1 at 2023-03-31 21:44:36 +0600
  
ActionController::RoutingError (No route matches [GET] "/converter/convert"):
  
Started GET "/" for 127.0.0.1 at 2023-03-31 21:44:38 +0600
Processing by ConverterController#index as HTML
  Rendering layout layouts/application.html.erb
  Rendering converter/index.html.erb within layouts/application
  Rendered converter/index.html.erb within layouts/application (Duration: 3.0ms | Allocations: 1012)
[Webpacker] Everything's up-to-date. Nothing to do
  Rendered layout layouts/application.html.erb (Duration: 41.4ms | Allocations: 13037)
Completed 200 OK in 49ms (Views: 43.7ms | ActiveRecord: 0.0ms | Allocations: 15152)


Started GET "/" for 127.0.0.1 at 2023-03-31 21:44:40 +0600
Processing by ConverterController#index as HTML
  Rendering layout layouts/application.html.erb
  Rendering converter/index.html.erb within layouts/application
  Rendered converter/index.html.erb within layouts/application (Duration: 1.0ms | Allocations: 503)
[Webpacker] Everything's up-to-date. Nothing to do
  Rendered layout layouts/application.html.erb (Duration: 8.9ms | Allocations: 3344)
Completed 200 OK in 10ms (Views: 9.5ms | ActiveRecord: 0.0ms | Allocations: 3804)


Started GET "/" for 127.0.0.1 at 2023-03-31 21:44:40 +0600
Processing by ConverterController#index as HTML
  Rendering layout layouts/application.html.erb
  Rendering converter/index.html.erb within layouts/application
  Rendered converter/index.html.erb within layouts/application (Duration: 0.6ms | Allocations: 503)
[Webpacker] Everything's up-to-date. Nothing to do
  Rendered layout layouts/application.html.erb (Duration: 4.6ms | Allocations: 3344)
Completed 200 OK in 5ms (Views: 4.9ms | ActiveRecord: 0.0ms | Allocations: 3740)


Started GET "/" for 127.0.0.1 at 2023-03-31 21:44:40 +0600
Processing by ConverterController#index as HTML
  Rendering layout layouts/application.html.erb
  Rendering converter/index.html.erb within layouts/application
  Rendered converter/index.html.erb within layouts/application (Duration: 1.0ms | Allocations: 503)
[Webpacker] Everything's up-to-date. Nothing to do
  Rendered layout layouts/application.html.erb (Duration: 8.2ms | Allocations: 3340)
Completed 200 OK in 10ms (Views: 8.9ms | ActiveRecord: 0.0ms | Allocations: 3750)


Started GET "/" for 127.0.0.1 at 2023-03-31 21:44:48 +0600
Processing by ConverterController#index as HTML
  Rendering layout layouts/application.html.erb
  Rendering converter/index.html.erb within layouts/application
  Rendered converter/index.html.erb within layouts/application (Duration: 1.4ms | Allocations: 892)
[Webpacker] Everything's up-to-date. Nothing to do
  Rendered layout layouts/application.html.erb (Duration: 4.8ms | Allocations: 4121)
Completed 200 OK in 6ms (Views: 5.6ms | ActiveRecord: 0.0ms | Allocations: 5037)


Started POST "/converter/convert" for 127.0.0.1 at 2023-03-31 21:44:54 +0600
Processing by ConverterController#convert as HTML
  Parameters: {"authenticity_token"=>"[FILTERED]", "amount"=>"100", "from_currency"=>"RUB", "to_currency"=>"KGS", "commit"=>"Convert"}
  Rendering layout layouts/application.html.erb
  Rendering converter/convert.html.erb within layouts/application
  Rendered converter/convert.html.erb within layouts/application (Duration: 0.7ms | Allocations: 194)
[Webpacker] Everything's up-to-date. Nothing to do
  Rendered layout layouts/application.html.erb (Duration: 7.6ms | Allocations: 3177)
Completed 200 OK in 980ms (Views: 8.6ms | ActiveRecord: 0.0ms | Allocations: 5094)


Started GET "/" for 127.0.0.1 at 2023-03-31 21:45:37 +0600
Processing by ConverterController#index as HTML
  Rendering layout layouts/application.html.erb
  Rendering converter/index.html.erb within layouts/application
  Rendered converter/index.html.erb within layouts/application (Duration: 2.0ms | Allocations: 1037)
[Webpacker] Everything's up-to-date. Nothing to do
  Rendered layout layouts/application.html.erb (Duration: 9.8ms | Allocations: 4266)
Completed 200 OK in 13ms (Views: 11.6ms | ActiveRecord: 0.0ms | Allocations: 5199)


Started GET "/" for 127.0.0.1 at 2023-03-31 21:46:09 +0600
Processing by ConverterController#index as HTML
  Rendering layout layouts/application.html.erb
  Rendering converter/index.html.erb within layouts/application
  Rendered converter/index.html.erb within layouts/application (Duration: 2.1ms | Allocations: 1078)
[Webpacker] Everything's up-to-date. Nothing to do
  Rendered layout layouts/application.html.erb (Duration: 10.0ms | Allocations: 4307)
Completed 200 OK in 13ms (Views: 11.8ms | ActiveRecord: 0.0ms | Allocations: 5283)


Started GET "/" for 127.0.0.1 at 2023-03-31 21:46:26 +0600
Processing by ConverterController#index as HTML
  Rendering layout layouts/application.html.erb
  Rendering converter/index.html.erb within layouts/application
  Rendered converter/index.html.erb within layouts/application (Duration: 2.1ms | Allocations: 1078)
[Webpacker] Everything's up-to-date. Nothing to do
  Rendered layout layouts/application.html.erb (Duration: 5.6ms | Allocations: 4307)
Completed 200 OK in 9ms (Views: 7.8ms | ActiveRecord: 0.0ms | Allocations: 5279)


Started POST "/converter/convert" for 127.0.0.1 at 2023-03-31 21:46:33 +0600
Processing by ConverterController#convert as HTML
  Parameters: {"authenticity_token"=>"[FILTERED]", "from_currency"=>"RUS", "amount"=>"100", "to_currency"=>"KGS", "commit"=>"Convert"}
Completed 500 Internal Server Error in 1093ms (ActiveRecord: 0.0ms | Allocations: 2304)


  
NoMethodError (undefined method `[]' for nil:NilClass

    exchange_rate = result['rates'][@to_currency]
                                   ^^^^^^^^^^^^^^):
  
app/controllers/converter_controller.rb:26:in `convert'
Started POST "/converter/convert" for 127.0.0.1 at 2023-03-31 21:47:00 +0600
Processing by ConverterController#convert as HTML
  Parameters: {"authenticity_token"=>"[FILTERED]", "from_currency"=>"RUS", "amount"=>"100", "to_currency"=>"KGS", "commit"=>"Convert"}
Completed 500 Internal Server Error in 1058ms (ActiveRecord: 0.0ms | Allocations: 2036)


  
NoMethodError (undefined method `[]' for nil:NilClass

    exchange_rate = result['rates'][@to_currency]
                                   ^^^^^^^^^^^^^^):
  
app/controllers/converter_controller.rb:26:in `convert'
Started GET "/" for 127.0.0.1 at 2023-03-31 21:48:46 +0600
Processing by ConverterController#index as HTML
  Rendering layout layouts/application.html.erb
  Rendering converter/index.html.erb within layouts/application
  Rendered converter/index.html.erb within layouts/application (Duration: 1.9ms | Allocations: 1078)
[Webpacker] Everything's up-to-date. Nothing to do
  Rendered layout layouts/application.html.erb (Duration: 9.2ms | Allocations: 4314)
Completed 200 OK in 13ms (Views: 10.7ms | ActiveRecord: 0.0ms | Allocations: 5240)


Started GET "/" for 127.0.0.1 at 2023-03-31 21:48:55 +0600
Processing by ConverterController#index as HTML
  Rendering layout layouts/application.html.erb
  Rendering converter/index.html.erb within layouts/application
  Rendered converter/index.html.erb within layouts/application (Duration: 1.6ms | Allocations: 1022)
[Webpacker] Everything's up-to-date. Nothing to do
  Rendered layout layouts/application.html.erb (Duration: 9.5ms | Allocations: 4251)
Completed 200 OK in 12ms (Views: 10.9ms | ActiveRecord: 0.0ms | Allocations: 5226)


Started POST "/converter/convert" for 127.0.0.1 at 2023-03-31 21:48:58 +0600
Processing by ConverterController#convert as HTML
  Parameters: {"authenticity_token"=>"[FILTERED]", "from_currency"=>"USD", "amount"=>"100", "to_currency"=>"KGS", "commit"=>"Convert"}
  Rendering layout layouts/application.html.erb
  Rendering converter/convert.html.erb within layouts/application
  Rendered converter/convert.html.erb within layouts/application (Duration: 0.6ms | Allocations: 165)
[Webpacker] Everything's up-to-date. Nothing to do
  Rendered layout layouts/application.html.erb (Duration: 7.3ms | Allocations: 2994)
Completed 200 OK in 915ms (Views: 8.1ms | ActiveRecord: 0.0ms | Allocations: 4450)


Started GET "/" for 127.0.0.1 at 2023-03-31 21:49:24 +0600
Processing by ConverterController#index as HTML
  Rendering layout layouts/application.html.erb
  Rendering converter/index.html.erb within layouts/application
  Rendered converter/index.html.erb within layouts/application (Duration: 1.5ms | Allocations: 1081)
[Webpacker] Everything's up-to-date. Nothing to do
  Rendered layout layouts/application.html.erb (Duration: 6.4ms | Allocations: 4317)
Completed 200 OK in 9ms (Views: 7.7ms | ActiveRecord: 0.0ms | Allocations: 5263)


Started POST "/converter/convert" for 127.0.0.1 at 2023-03-31 21:49:26 +0600
Processing by ConverterController#convert as HTML
  Parameters: {"authenticity_token"=>"[FILTERED]", "from_currency"=>"USD", "amount"=>"100", "to_currency"=>"KGS", "commit"=>"Convert"}
  Rendering layout layouts/application.html.erb
  Rendering converter/convert.html.erb within layouts/application
  Rendered converter/convert.html.erb within layouts/application (Duration: 0.6ms | Allocations: 165)
[Webpacker] Everything's up-to-date. Nothing to do
  Rendered layout layouts/application.html.erb (Duration: 7.0ms | Allocations: 2994)
Completed 200 OK in 872ms (Views: 8.2ms | ActiveRecord: 0.0ms | Allocations: 4442)


Started POST "/converter/convert" for 127.0.0.1 at 2023-03-31 21:49:33 +0600
Processing by ConverterController#convert as HTML
  Parameters: {"authenticity_token"=>"[FILTERED]", "from_currency"=>"USD", "amount"=>"100", "to_currency"=>"USD", "commit"=>"Convert"}
  Rendering layout layouts/application.html.erb
  Rendering converter/convert.html.erb within layouts/application
  Rendered converter/convert.html.erb within layouts/application (Duration: 0.1ms | Allocations: 10)
[Webpacker] Everything's up-to-date. Nothing to do
  Rendered layout layouts/application.html.erb (Duration: 6.3ms | Allocations: 2839)
Completed 200 OK in 901ms (Views: 6.9ms | ActiveRecord: 0.0ms | Allocations: 3898)


Started POST "/converter/convert" for 127.0.0.1 at 2023-03-31 21:49:37 +0600
Processing by ConverterController#convert as HTML
  Parameters: {"authenticity_token"=>"[FILTERED]", "from_currency"=>"RUS", "amount"=>"100", "to_currency"=>"USD", "commit"=>"Convert"}
Completed 500 Internal Server Error in 879ms (ActiveRecord: 0.0ms | Allocations: 2068)


  
NoMethodError (undefined method `[]' for nil:NilClass

    exchange_rate = result['rates'][@to_currency]
                                   ^^^^^^^^^^^^^^):
  
app/controllers/converter_controller.rb:26:in `convert'
Started POST "/converter/convert" for 127.0.0.1 at 2023-03-31 21:49:44 +0600
Processing by ConverterController#convert as HTML
  Parameters: {"authenticity_token"=>"[FILTERED]", "from_currency"=>"KGS", "amount"=>"100", "to_currency"=>"USD", "commit"=>"Convert"}
  Rendering layout layouts/application.html.erb
  Rendering converter/convert.html.erb within layouts/application
  Rendered converter/convert.html.erb within layouts/application (Duration: 0.1ms | Allocations: 10)
[Webpacker] Everything's up-to-date. Nothing to do
  Rendered layout layouts/application.html.erb (Duration: 6.3ms | Allocations: 2846)
Completed 200 OK in 1099ms (Views: 6.9ms | ActiveRecord: 0.0ms | Allocations: 4084)


Started POST "/converter/convert" for 127.0.0.1 at 2023-03-31 21:49:48 +0600
Processing by ConverterController#convert as HTML
  Parameters: {"authenticity_token"=>"[FILTERED]", "from_currency"=>"KGS", "amount"=>"100", "to_currency"=>"RUS", "commit"=>"Convert"}
Completed 500 Internal Server Error in 887ms (ActiveRecord: 0.0ms | Allocations: 1310)


  
TypeError (nil can't be coerced into Float):
  
app/controllers/converter_controller.rb:27:in `*'
app/controllers/converter_controller.rb:27:in `convert'
Started POST "/converter/convert" for 127.0.0.1 at 2023-03-31 21:50:14 +0600
Processing by ConverterController#convert as HTML
  Parameters: {"authenticity_token"=>"[FILTERED]", "from_currency"=>"USD", "amount"=>"100", "to_currency"=>"EUR", "commit"=>"Convert"}
  Rendering layout layouts/application.html.erb
  Rendering converter/convert.html.erb within layouts/application
  Rendered converter/convert.html.erb within layouts/application (Duration: 0.1ms | Allocations: 10)
[Webpacker] Everything's up-to-date. Nothing to do
  Rendered layout layouts/application.html.erb (Duration: 6.7ms | Allocations: 2846)
Completed 200 OK in 864ms (Views: 7.4ms | ActiveRecord: 0.0ms | Allocations: 3937)


Started POST "/converter/convert" for 127.0.0.1 at 2023-03-31 21:51:42 +0600
Processing by ConverterController#convert as HTML
  Parameters: {"authenticity_token"=>"[FILTERED]", "from_currency"=>"RUS", "amount"=>"100", "to_currency"=>"RUS", "commit"=>"Convert"}
Completed 500 Internal Server Error in 1103ms (Allocations: 2024)


  
NoMethodError (undefined method `[]' for nil:NilClass

    exchange_rate = result['rates'][@to_currency]
                                   ^^^^^^^^^^^^^^):
  
app/controllers/converter_controller.rb:26:in `convert'
Started POST "/converter/convert" for 127.0.0.1 at 2023-03-31 21:51:53 +0600
Processing by ConverterController#convert as HTML
  Parameters: {"authenticity_token"=>"[FILTERED]", "from_currency"=>"RUS", "amount"=>"100", "to_currency"=>"USD", "commit"=>"Convert"}
Completed 500 Internal Server Error in 1172ms (Allocations: 2025)


  
NoMethodError (undefined method `[]' for nil:NilClass

    exchange_rate = result['rates'][@to_currency]
                                   ^^^^^^^^^^^^^^):
  
app/controllers/converter_controller.rb:26:in `convert'
Started POST "/converter/convert" for 127.0.0.1 at 2023-03-31 21:51:57 +0600
Processing by ConverterController#convert as HTML
  Parameters: {"authenticity_token"=>"[FILTERED]", "from_currency"=>"USD", "amount"=>"100", "to_currency"=>"RUS", "commit"=>"Convert"}
Completed 500 Internal Server Error in 888ms (Allocations: 1265)


  
TypeError (nil can't be coerced into Float):
  
app/controllers/converter_controller.rb:27:in `*'
app/controllers/converter_controller.rb:27:in `convert'
Started POST "/converter/convert" for 127.0.0.1 at 2023-03-31 21:52:02 +0600
Processing by ConverterController#convert as HTML
  Parameters: {"authenticity_token"=>"[FILTERED]", "from_currency"=>"USD", "amount"=>"100", "to_currency"=>"KGS", "commit"=>"Convert"}
  Rendering layout layouts/application.html.erb
  Rendering converter/convert.html.erb within layouts/application
  Rendered converter/convert.html.erb within layouts/application (Duration: 0.1ms | Allocations: 10)
[Webpacker] Everything's up-to-date. Nothing to do
  Rendered layout layouts/application.html.erb (Duration: 7.0ms | Allocations: 2846)
Completed 200 OK in 941ms (Views: 7.6ms | Allocations: 3907)


Started GET "/" for 127.0.0.1 at 2023-03-31 21:53:07 +0600
Processing by ConverterController#index as HTML
  Rendering layout layouts/application.html.erb
  Rendering converter/index.html.erb within layouts/application
  Rendered converter/index.html.erb within layouts/application (Duration: 1.6ms | Allocations: 1026)
[Webpacker] Everything's up-to-date. Nothing to do
  Rendered layout layouts/application.html.erb (Duration: 7.1ms | Allocations: 4255)
Completed 200 OK in 10ms (Views: 8.5ms | Allocations: 5158)


Started POST "/converter/convert" for 127.0.0.1 at 2023-03-31 21:53:10 +0600
Processing by ConverterController#convert as HTML
  Parameters: {"authenticity_token"=>"[FILTERED]", "from_currency"=>"EUR", "amount"=>"100", "to_currency"=>"KGS", "commit"=>"Convert"}
  Rendering layout layouts/application.html.erb
  Rendering converter/convert.html.erb within layouts/application
  Rendered converter/convert.html.erb within layouts/application (Duration: 0.3ms | Allocations: 165)
[Webpacker] Everything's up-to-date. Nothing to do
  Rendered layout layouts/application.html.erb (Duration: 3.4ms | Allocations: 2994)
Completed 200 OK in 731ms (Views: 4.0ms | Allocations: 4266)


Started GET "/converter/convert" for 127.0.0.1 at 2023-03-31 21:54:03 +0600
  
ActionController::RoutingError (No route matches [GET] "/converter/convert"):
  
Started GET "/" for 127.0.0.1 at 2023-03-31 21:54:05 +0600
Processing by ConverterController#index as HTML
  Rendering layout layouts/application.html.erb
  Rendering converter/index.html.erb within layouts/application
  Rendered converter/index.html.erb within layouts/application (Duration: 4.1ms | Allocations: 1182)
[Webpacker] Everything's up-to-date. Nothing to do
  Rendered layout layouts/application.html.erb (Duration: 16.7ms | Allocations: 4418)
Completed 200 OK in 21ms (Views: 19.7ms | Allocations: 5301)


Started POST "/converter/convert" for 127.0.0.1 at 2023-03-31 21:54:09 +0600
Processing by ConverterController#convert as HTML
  Parameters: {"authenticity_token"=>"[FILTERED]", "from_currency"=>"UAH", "amount"=>"100", "to_currency"=>"PLN", "commit"=>"Convert"}
  Rendering layout layouts/application.html.erb
  Rendering converter/convert.html.erb within layouts/application
  Rendered converter/convert.html.erb within layouts/application (Duration: 0.7ms | Allocations: 166)
[Webpacker] Everything's up-to-date. Nothing to do
  Rendered layout layouts/application.html.erb (Duration: 7.9ms | Allocations: 2995)
Completed 200 OK in 738ms (Views: 9.1ms | Allocations: 4274)


Started POST "/converter/convert" for 127.0.0.1 at 2023-03-31 21:54:14 +0600
Processing by ConverterController#convert as HTML
  Parameters: {"authenticity_token"=>"[FILTERED]", "from_currency"=>"UAH", "amount"=>"100", "to_currency"=>"EUR", "commit"=>"Convert"}
  Rendering layout layouts/application.html.erb
  Rendering converter/convert.html.erb within layouts/application
  Rendered converter/convert.html.erb within layouts/application (Duration: 0.2ms | Allocations: 10)
[Webpacker] Everything's up-to-date. Nothing to do
  Rendered layout layouts/application.html.erb (Duration: 6.8ms | Allocations: 2839)
Completed 200 OK in 706ms (Views: 7.5ms | Allocations: 3929)


Started POST "/converter/convert" for 127.0.0.1 at 2023-03-31 21:54:43 +0600
Processing by ConverterController#convert as HTML
  Parameters: {"authenticity_token"=>"[FILTERED]", "from_currency"=>"USD", "amount"=>"100", "to_currency"=>"KZT", "commit"=>"Convert"}
  Rendering layout layouts/application.html.erb
  Rendering converter/convert.html.erb within layouts/application
  Rendered converter/convert.html.erb within layouts/application (Duration: 0.1ms | Allocations: 10)
[Webpacker] Everything's up-to-date. Nothing to do
  Rendered layout layouts/application.html.erb (Duration: 8.8ms | Allocations: 2846)
Completed 200 OK in 722ms (Views: 9.5ms | Allocations: 3906)


Started GET "/converter/convert" for 127.0.0.1 at 2023-03-31 21:55:03 +0600
  
ActionController::RoutingError (No route matches [GET] "/converter/convert"):
  
Started GET "/" for 127.0.0.1 at 2023-03-31 21:55:05 +0600
Processing by ConverterController#index as HTML
  Rendering layout layouts/application.html.erb
  Rendering converter/index.html.erb within layouts/application
  Rendered converter/index.html.erb within layouts/application (Duration: 2.7ms | Allocations: 1234)
[Webpacker] Everything's up-to-date. Nothing to do
  Rendered layout layouts/application.html.erb (Duration: 11.2ms | Allocations: 4470)
Completed 200 OK in 15ms (Views: 13.6ms | Allocations: 5320)


Started POST "/converter/convert" for 127.0.0.1 at 2023-03-31 21:55:15 +0600
Processing by ConverterController#convert as HTML
  Parameters: {"authenticity_token"=>"[FILTERED]", "from_currency"=>"EUR", "amount"=>"100", "to_currency"=>"UZS", "commit"=>"Convert"}
  Rendering layout layouts/application.html.erb
  Rendering converter/convert.html.erb within layouts/application
  Rendered converter/convert.html.erb within layouts/application (Duration: 0.6ms | Allocations: 165)
[Webpacker] Everything's up-to-date. Nothing to do
  Rendered layout layouts/application.html.erb (Duration: 7.0ms | Allocations: 2994)
Completed 200 OK in 743ms (Views: 8.0ms | Allocations: 4284)


Started GET "/" for 127.0.0.1 at 2023-04-01 19:42:13 +0600
Processing by ConverterController#index as HTML
  Rendering layout layouts/application.html.erb
  Rendering converter/index.html.erb within layouts/application
  Rendered converter/index.html.erb within layouts/application (Duration: 2.2ms | Allocations: 1616)
[Webpacker] Everything's up-to-date. Nothing to do
  Rendered layout layouts/application.html.erb (Duration: 28.2ms | Allocations: 13070)
Completed 200 OK in 37ms (Views: 30.1ms | ActiveRecord: 0.0ms | Allocations: 16320)


Started POST "/converter/convert" for 127.0.0.1 at 2023-04-01 19:44:52 +0600
Processing by ConverterController#convert as HTML
  Parameters: {"authenticity_token"=>"[FILTERED]", "from_currency"=>"UZS", "amount"=>"100", "to_currency"=>"USD", "commit"=>"Convert"}
  Rendering layout layouts/application.html.erb
  Rendering converter/convert.html.erb within layouts/application
  Rendered converter/convert.html.erb within layouts/application (Duration: 0.9ms | Allocations: 193)
[Webpacker] Everything's up-to-date. Nothing to do
  Rendered layout layouts/application.html.erb (Duration: 4.3ms | Allocations: 3177)
Completed 200 OK in 938ms (Views: 4.8ms | ActiveRecord: 0.0ms | Allocations: 5107)


Started POST "/converter/convert" for 127.0.0.1 at 2023-04-01 19:44:57 +0600
Processing by ConverterController#convert as HTML
  Parameters: {"authenticity_token"=>"[FILTERED]", "from_currency"=>"UAH", "amount"=>"100", "to_currency"=>"USD", "commit"=>"Convert"}
  Rendering layout layouts/application.html.erb
  Rendering converter/convert.html.erb within layouts/application
  Rendered converter/convert.html.erb within layouts/application (Duration: 0.0ms | Allocations: 10)
[Webpacker] Everything's up-to-date. Nothing to do
  Rendered layout layouts/application.html.erb (Duration: 3.0ms | Allocations: 2841)
Completed 200 OK in 924ms (Views: 3.4ms | ActiveRecord: 0.0ms | Allocations: 3961)


Started GET "/" for 127.0.0.1 at 2023-04-01 19:48:10 +0600
Processing by ConverterController#index as HTML
  Rendering layout layouts/application.html.erb
  Rendering converter/index.html.erb within layouts/application
  Rendered converter/index.html.erb within layouts/application (Duration: 1.9ms | Allocations: 1278)
[Webpacker] Everything's up-to-date. Nothing to do
  Rendered layout layouts/application.html.erb (Duration: 8.7ms | Allocations: 4512)
Completed 200 OK in 11ms (Views: 10.4ms | ActiveRecord: 0.0ms | Allocations: 5484)


Started POST "/converter/convert" for 127.0.0.1 at 2023-04-01 19:48:14 +0600
Processing by ConverterController#convert as HTML
  Parameters: {"authenticity_token"=>"[FILTERED]", "convert_UZS"=>"100", "convert_UAH"=>"", "convert_KZT"=>"", "convert_PLN"=>"", "convert_USD"=>"", "convert_EUR"=>"", "convert_KGS"=>"", "amount"=>"", "commit"=>"Convert"}
Completed 500 Internal Server Error in 891ms (Allocations: 1411)


  
JSON::ParserError (unexpected token at '<html>
<head><title>301 Moved Permanently</title></head>
<body>
<center><h1>301 Moved Permanently</h1></center>
<hr><center>nginx</center>
</body>
</html>
'):
  
app/controllers/converter_controller.rb:25:in `convert'
Started POST "/converter/convert" for 127.0.0.1 at 2023-04-01 19:48:43 +0600
Processing by ConverterController#convert as HTML
  Parameters: {"authenticity_token"=>"[FILTERED]", "convert_UZS"=>"", "convert_UAH"=>"", "convert_KZT"=>"", "convert_PLN"=>"", "convert_USD"=>"", "convert_EUR"=>"", "convert_KGS"=>"", "amount"=>"100", "commit"=>"Convert"}
Completed 500 Internal Server Error in 937ms (Allocations: 1395)


  
JSON::ParserError (unexpected token at '<html>
<head><title>301 Moved Permanently</title></head>
<body>
<center><h1>301 Moved Permanently</h1></center>
<hr><center>nginx</center>
</body>
</html>
'):
  
app/controllers/converter_controller.rb:25:in `convert'
Started GET "/" for 127.0.0.1 at 2023-04-01 19:50:41 +0600
Processing by ConverterController#index as HTML
  Rendering layout layouts/application.html.erb
  Rendering converter/index.html.erb within layouts/application
  Rendered converter/index.html.erb within layouts/application (Duration: 1.1ms | Allocations: 1234)
[Webpacker] Everything's up-to-date. Nothing to do
  Rendered layout layouts/application.html.erb (Duration: 4.5ms | Allocations: 4470)
Completed 200 OK in 6ms (Views: 5.3ms | Allocations: 5408)


Started POST "/converter/convert" for 127.0.0.1 at 2023-04-01 19:50:43 +0600
Processing by ConverterController#convert as HTML
  Parameters: {"authenticity_token"=>"[FILTERED]", "from_currency"=>"UZS", "amount"=>"100", "to_currency"=>"UZS", "commit"=>"Convert"}
  Rendering layout layouts/application.html.erb
  Rendering converter/convert.html.erb within layouts/application
  Rendered converter/convert.html.erb within layouts/application (Duration: 0.6ms | Allocations: 165)
[Webpacker] Everything's up-to-date. Nothing to do
  Rendered layout layouts/application.html.erb (Duration: 6.7ms | Allocations: 2994)
Completed 200 OK in 923ms (Views: 8.1ms | Allocations: 4454)


Started POST "/converter/convert" for 127.0.0.1 at 2023-04-01 19:51:33 +0600
Processing by ConverterController#convert as HTML
  Parameters: {"authenticity_token"=>"[FILTERED]", "from_currency"=>"UZS", "amount"=>"100", "to_currency"=>"UZS", "commit"=>"Convert"}
  Rendering layout layouts/application.html.erb
  Rendering converter/convert.html.erb within layouts/application
  Rendered converter/convert.html.erb within layouts/application (Duration: 0.1ms | Allocations: 10)
[Webpacker] Everything's up-to-date. Nothing to do
  Rendered layout layouts/application.html.erb (Duration: 5.3ms | Allocations: 2839)
Completed 200 OK in 828ms (Views: 5.9ms | Allocations: 3942)


Started POST "/converter/convert" for 127.0.0.1 at 2023-04-01 19:52:21 +0600
Processing by ConverterController#convert as HTML
  Parameters: {"authenticity_token"=>"[FILTERED]", "from_currency"=>"UAH", "amount"=>"100", "to_currency"=>"PLN", "commit"=>"Convert"}
  Rendering layout layouts/application.html.erb
  Rendering converter/convert.html.erb within layouts/application
  Rendered converter/convert.html.erb within layouts/application (Duration: 0.0ms | Allocations: 10)
[Webpacker] Everything's up-to-date. Nothing to do
  Rendered layout layouts/application.html.erb (Duration: 3.0ms | Allocations: 2839)
Completed 200 OK in 827ms (Views: 3.4ms | Allocations: 3927)


Started GET "/converter/convert" for 127.0.0.1 at 2023-04-01 19:54:51 +0600
  
ActionController::RoutingError (No route matches [GET] "/converter/convert"):
  
Started GET "/" for 127.0.0.1 at 2023-04-01 19:54:53 +0600
Processing by ConverterController#index as HTML
  Rendering layout layouts/application.html.erb
  Rendering converter/index.html.erb within layouts/application
  Rendered converter/index.html.erb within layouts/application (Duration: 0.8ms | Allocations: 868)
[Webpacker] Everything's up-to-date. Nothing to do
  Rendered layout layouts/application.html.erb (Duration: 9.2ms | Allocations: 8015)
Completed 200 OK in 10ms (Views: 9.5ms | Allocations: 8465)


Started POST "/converter/convert" for 127.0.0.1 at 2023-04-01 19:55:07 +0600
Processing by ConverterController#convert as HTML
  Parameters: {"authenticity_token"=>"[FILTERED]", "from_currency"=>"UAH", "amount"=>"156734", "to_currency"=>"PLN", "commit"=>"Convert"}
  Rendering layout layouts/application.html.erb
  Rendering converter/convert.html.erb within layouts/application
  Rendered converter/convert.html.erb within layouts/application (Duration: 0.1ms | Allocations: 10)
[Webpacker] Everything's up-to-date. Nothing to do
  Rendered layout layouts/application.html.erb (Duration: 3.0ms | Allocations: 2839)
Completed 200 OK in 794ms (Views: 3.5ms | Allocations: 4196)


Started GET "/" for 127.0.0.1 at 2023-04-01 19:56:07 +0600
Processing by ConverterController#index as HTML
  Rendering layout layouts/application.html.erb
  Rendering converter/index.html.erb within layouts/application
  Rendered converter/index.html.erb within layouts/application (Duration: 0.7ms | Allocations: 828)
[Webpacker] Everything's up-to-date. Nothing to do
  Rendered layout layouts/application.html.erb (Duration: 7.1ms | Allocations: 7040)
Completed 200 OK in 8ms (Views: 7.4ms | Allocations: 7439)


Started POST "/converter/convert" for 127.0.0.1 at 2023-04-01 19:56:09 +0600
Processing by ConverterController#convert as HTML
  Parameters: {"authenticity_token"=>"[FILTERED]", "from_currency"=>"UZS", "amount"=>"124", "to_currency"=>"UZS", "commit"=>"Convert"}
  Rendering layout layouts/application.html.erb
  Rendering converter/convert.html.erb within layouts/application
  Rendered converter/convert.html.erb within layouts/application (Duration: 0.1ms | Allocations: 10)
[Webpacker] Everything's up-to-date. Nothing to do
  Rendered layout layouts/application.html.erb (Duration: 6.2ms | Allocations: 2839)
Completed 200 OK in 915ms (Views: 6.9ms | Allocations: 4094)


Started GET "/" for 127.0.0.1 at 2023-04-01 19:56:51 +0600
Processing by ConverterController#index as HTML
  Rendering layout layouts/application.html.erb
  Rendering converter/index.html.erb within layouts/application
  Rendered converter/index.html.erb within layouts/application (Duration: 1.4ms | Allocations: 828)
[Webpacker] Everything's up-to-date. Nothing to do
  Rendered layout layouts/application.html.erb (Duration: 17.5ms | Allocations: 7021)
Completed 200 OK in 19ms (Views: 18.4ms | Allocations: 7429)


Started GET "/" for 127.0.0.1 at 2023-04-01 19:57:25 +0600
Processing by ConverterController#index as HTML
  Rendering layout layouts/application.html.erb
  Rendering converter/index.html.erb within layouts/application
  Rendered converter/index.html.erb within layouts/application (Duration: 1.0ms | Allocations: 828)
[Webpacker] Everything's up-to-date. Nothing to do
  Rendered layout layouts/application.html.erb (Duration: 16.5ms | Allocations: 7028)
Completed 200 OK in 18ms (Views: 16.9ms | Allocations: 7475)


Started GET "/" for 127.0.0.1 at 2023-04-01 19:57:28 +0600
Processing by ConverterController#index as HTML
  Rendering layout layouts/application.html.erb
  Rendering converter/index.html.erb within layouts/application
  Rendered converter/index.html.erb within layouts/application (Duration: 0.7ms | Allocations: 828)
[Webpacker] Everything's up-to-date. Nothing to do
  Rendered layout layouts/application.html.erb (Duration: 5.0ms | Allocations: 3747)
Completed 200 OK in 6ms (Views: 5.3ms | Allocations: 4164)


Started GET "/" for 127.0.0.1 at 2023-04-01 19:57:38 +0600
Processing by ConverterController#index as HTML
  Rendering layout layouts/application.html.erb
  Rendering converter/index.html.erb within layouts/application
  Rendered converter/index.html.erb within layouts/application (Duration: 1.0ms | Allocations: 828)
[Webpacker] Everything's up-to-date. Nothing to do
  Rendered layout layouts/application.html.erb (Duration: 23.8ms | Allocations: 7035)
Completed 200 OK in 25ms (Views: 24.4ms | Allocations: 7455)


Started GET "/" for 127.0.0.1 at 2023-04-01 19:57:41 +0600
Processing by ConverterController#index as HTML
  Rendering layout layouts/application.html.erb
  Rendering converter/index.html.erb within layouts/application
  Rendered converter/index.html.erb within layouts/application (Duration: 1.0ms | Allocations: 828)
[Webpacker] Everything's up-to-date. Nothing to do
  Rendered layout layouts/application.html.erb (Duration: 7.1ms | Allocations: 3751)
Completed 200 OK in 9ms (Views: 7.7ms | Allocations: 4153)


Started GET "/" for 127.0.0.1 at 2023-04-01 19:57:51 +0600
Processing by ConverterController#index as HTML
  Rendering layout layouts/application.html.erb
  Rendering converter/index.html.erb within layouts/application
  Rendered converter/index.html.erb within layouts/application (Duration: 1.8ms | Allocations: 828)
[Webpacker] Everything's up-to-date. Nothing to do
  Rendered layout layouts/application.html.erb (Duration: 15.7ms | Allocations: 7028)
Completed 200 OK in 17ms (Views: 16.3ms | Allocations: 7436)


Started GET "/" for 127.0.0.1 at 2023-04-01 19:57:56 +0600
Processing by ConverterController#index as HTML
  Rendering layout layouts/application.html.erb
  Rendering converter/index.html.erb within layouts/application
  Rendered converter/index.html.erb within layouts/application (Duration: 0.6ms | Allocations: 828)
[Webpacker] Everything's up-to-date. Nothing to do
  Rendered layout layouts/application.html.erb (Duration: 5.3ms | Allocations: 3753)
Completed 200 OK in 6ms (Views: 5.7ms | Allocations: 4174)


Started GET "/" for 127.0.0.1 at 2023-04-01 19:58:08 +0600
Processing by ConverterController#index as HTML
  Rendering layout layouts/application.html.erb
  Rendering converter/index.html.erb within layouts/application
  Rendered converter/index.html.erb within layouts/application (Duration: 1.3ms | Allocations: 828)
[Webpacker] Everything's up-to-date. Nothing to do
  Rendered layout layouts/application.html.erb (Duration: 20.6ms | Allocations: 7034)
Completed 200 OK in 22ms (Views: 21.6ms | Allocations: 7463)


Started GET "/" for 127.0.0.1 at 2023-04-01 19:58:12 +0600
Processing by ConverterController#index as HTML
  Rendering layout layouts/application.html.erb
  Rendering converter/index.html.erb within layouts/application
  Rendered converter/index.html.erb within layouts/application (Duration: 0.7ms | Allocations: 828)
[Webpacker] Everything's up-to-date. Nothing to do
  Rendered layout layouts/application.html.erb (Duration: 3.7ms | Allocations: 3752)
Completed 200 OK in 4ms (Views: 4.0ms | Allocations: 4163)


Started GET "/" for 127.0.0.1 at 2023-04-01 19:58:27 +0600
Processing by ConverterController#index as HTML
  Rendering layout layouts/application.html.erb
  Rendering converter/index.html.erb within layouts/application
  Rendered converter/index.html.erb within layouts/application (Duration: 1.4ms | Allocations: 828)
[Webpacker] Everything's up-to-date. Nothing to do
  Rendered layout layouts/application.html.erb (Duration: 19.3ms | Allocations: 7024)
Completed 200 OK in 21ms (Views: 20.0ms | Allocations: 7447)


Started GET "/" for 127.0.0.1 at 2023-04-01 19:58:28 +0600
Processing by ConverterController#index as HTML
  Rendering layout layouts/application.html.erb
  Rendering converter/index.html.erb within layouts/application
  Rendered converter/index.html.erb within layouts/application (Duration: 0.8ms | Allocations: 828)
[Webpacker] Everything's up-to-date. Nothing to do
  Rendered layout layouts/application.html.erb (Duration: 3.6ms | Allocations: 3667)
Completed 200 OK in 5ms (Views: 4.1ms | Allocations: 4093)


Started GET "/" for 127.0.0.1 at 2023-04-01 19:58:44 +0600
Processing by ConverterController#index as HTML
  Rendering layout layouts/application.html.erb
  Rendering converter/index.html.erb within layouts/application
  Rendered converter/index.html.erb within layouts/application (Duration: 1.3ms | Allocations: 828)
[Webpacker] Everything's up-to-date. Nothing to do
  Rendered layout layouts/application.html.erb (Duration: 17.4ms | Allocations: 7028)
Completed 200 OK in 19ms (Views: 18.0ms | Allocations: 7427)


Started POST "/converter/convert" for 127.0.0.1 at 2023-04-01 19:58:48 +0600
Processing by ConverterController#convert as HTML
  Parameters: {"authenticity_token"=>"[FILTERED]", "from_currency"=>"UZS", "amount"=>"", "to_currency"=>"UZS", "commit"=>"Convert"}
  Rendering layout layouts/application.html.erb
  Rendering converter/convert.html.erb within layouts/application
  Rendered converter/convert.html.erb within layouts/application (Duration: 0.1ms | Allocations: 10)
[Webpacker] Everything's up-to-date. Nothing to do
  Rendered layout layouts/application.html.erb (Duration: 5.4ms | Allocations: 2839)
Completed 200 OK in 945ms (Views: 6.4ms | Allocations: 4087)


Started GET "/" for 127.0.0.1 at 2023-04-01 20:00:19 +0600
Processing by ConverterController#index as HTML
  Rendering layout layouts/application.html.erb
  Rendering converter/index.html.erb within layouts/application
  Rendered converter/index.html.erb within layouts/application (Duration: 7.3ms | Allocations: 1265)
[Webpacker] Everything's up-to-date. Nothing to do
  Rendered layout layouts/application.html.erb (Duration: 14.8ms | Allocations: 4502)
Completed 200 OK in 18ms (Views: 16.4ms | Allocations: 5439)


Started POST "/converter/convert" for 127.0.0.1 at 2023-04-01 20:00:47 +0600
Processing by ConverterController#convert as HTML
  Parameters: {"authenticity_token"=>"[FILTERED]", "from_currency"=>"UZS", "amount"=>"100", "to_currency"=>"UZS", "commit"=>"Convert"}
  Rendering layout layouts/application.html.erb
  Rendering converter/convert.html.erb within layouts/application
  Rendered converter/convert.html.erb within layouts/application (Duration: 0.3ms | Allocations: 165)
[Webpacker] Everything's up-to-date. Nothing to do
  Rendered layout layouts/application.html.erb (Duration: 3.2ms | Allocations: 2994)
Completed 200 OK in 949ms (Views: 3.7ms | Allocations: 4464)


Started POST "/converter/convert" for 127.0.0.1 at 2023-04-01 20:06:57 +0600
Processing by ConverterController#convert as HTML
  Parameters: {"authenticity_token"=>"[FILTERED]", "from_currency"=>"UZS", "amount"=>"100", "to_currency"=>"UZS", "commit"=>"Convert"}
  Rendering layout layouts/application.html.erb
  Rendering converter/convert.html.erb within layouts/application
  Rendered converter/convert.html.erb within layouts/application (Duration: 0.0ms | Allocations: 10)
[Webpacker] Everything's up-to-date. Nothing to do
  Rendered layout layouts/application.html.erb (Duration: 3.1ms | Allocations: 2839)
Completed 200 OK in 875ms (Views: 3.5ms | Allocations: 3929)


Started GET "/converter/convert" for 127.0.0.1 at 2023-04-01 20:08:34 +0600
  
ActionController::RoutingError (No route matches [GET] "/converter/convert"):
  
Started GET "/" for 127.0.0.1 at 2023-04-01 20:08:36 +0600
Processing by ConverterController#index as HTML
  Rendering layout layouts/application.html.erb
  Rendering converter/index.html.erb within layouts/application
  Rendered converter/index.html.erb within layouts/application (Duration: 0.6ms | Allocations: 848)
[Webpacker] Everything's up-to-date. Nothing to do
  Rendered layout layouts/application.html.erb (Duration: 7.0ms | Allocations: 7099)
Completed 200 OK in 8ms (Views: 7.6ms | Allocations: 7508)


Started POST "/converter/convert" for 127.0.0.1 at 2023-04-01 20:08:41 +0600
Processing by ConverterController#convert as HTML
  Parameters: {"authenticity_token"=>"[FILTERED]", "from_currency"=>"KZT", "amount"=>"100", "to_currency"=>"UZS", "commit"=>"Convert"}
  Rendering layout layouts/application.html.erb
  Rendering converter/convert.html.erb within layouts/application
  Rendered converter/convert.html.erb within layouts/application (Duration: 0.0ms | Allocations: 10)
[Webpacker] Everything's up-to-date. Nothing to do
  Rendered layout layouts/application.html.erb (Duration: 3.0ms | Allocations: 2839)
Completed 200 OK in 1219ms (Views: 3.4ms | Allocations: 3950)


Started GET "/" for 127.0.0.1 at 2023-04-01 20:09:31 +0600
Processing by ConverterController#index as HTML
  Rendering layout layouts/application.html.erb
  Rendering converter/index.html.erb within layouts/application
  Rendered converter/index.html.erb within layouts/application (Duration: 0.7ms | Allocations: 848)
[Webpacker] Everything's up-to-date. Nothing to do
  Rendered layout layouts/application.html.erb (Duration: 9.8ms | Allocations: 7018)
Completed 200 OK in 11ms (Views: 10.1ms | Allocations: 7435)


Started POST "/converter/convert" for 127.0.0.1 at 2023-04-01 20:09:37 +0600
Processing by ConverterController#convert as HTML
  Parameters: {"authenticity_token"=>"[FILTERED]", "from_currency"=>"KZT", "amount"=>"10000", "to_currency"=>"UZS", "commit"=>"Convert"}
  Rendering layout layouts/application.html.erb
  Rendering converter/convert.html.erb within layouts/application
  Rendered converter/convert.html.erb within layouts/application (Duration: 0.1ms | Allocations: 10)
[Webpacker] Everything's up-to-date. Nothing to do
  Rendered layout layouts/application.html.erb (Duration: 6.8ms | Allocations: 2839)
Completed 200 OK in 905ms (Views: 7.4ms | Allocations: 4090)


Started GET "/" for 127.0.0.1 at 2023-04-01 20:12:42 +0600
Processing by ConverterController#index as HTML
  Rendering layout layouts/application.html.erb
  Rendering converter/index.html.erb within layouts/application
  Rendered converter/index.html.erb within layouts/application (Duration: 1.4ms | Allocations: 1435)
[Webpacker] Everything's up-to-date. Nothing to do
  Rendered layout layouts/application.html.erb (Duration: 12.3ms | Allocations: 8112)
Completed 200 OK in 14ms (Views: 13.3ms | Allocations: 9040)


Started GET "/" for 127.0.0.1 at 2023-04-01 20:12:48 +0600
Processing by ConverterController#index as HTML
  Rendering layout layouts/application.html.erb
  Rendering converter/index.html.erb within layouts/application
  Rendered converter/index.html.erb within layouts/application (Duration: 1.6ms | Allocations: 840)
[Webpacker] Everything's up-to-date. Nothing to do
  Rendered layout layouts/application.html.erb (Duration: 8.0ms | Allocations: 3678)
Completed 200 OK in 10ms (Views: 8.8ms | Allocations: 4139)


Started GET "/" for 127.0.0.1 at 2023-04-01 20:12:49 +0600
Processing by ConverterController#index as HTML
  Rendering layout layouts/application.html.erb
  Rendering converter/index.html.erb within layouts/application
  Rendered converter/index.html.erb within layouts/application (Duration: 1.5ms | Allocations: 840)
[Webpacker] Everything's up-to-date. Nothing to do
  Rendered layout layouts/application.html.erb (Duration: 8.2ms | Allocations: 3678)
Completed 200 OK in 10ms (Views: 9.0ms | Allocations: 4100)


Started GET "/" for 127.0.0.1 at 2023-04-01 20:12:50 +0600
Processing by ConverterController#index as HTML
  Rendering layout layouts/application.html.erb
  Rendering converter/index.html.erb within layouts/application
  Rendered converter/index.html.erb within layouts/application (Duration: 1.8ms | Allocations: 840)
[Webpacker] Everything's up-to-date. Nothing to do
  Rendered layout layouts/application.html.erb (Duration: 11.5ms | Allocations: 3678)
Completed 200 OK in 13ms (Views: 12.3ms | Allocations: 4091)


Started POST "/converter/convert" for 127.0.0.1 at 2023-04-01 20:12:51 +0600
Processing by ConverterController#convert as HTML
  Parameters: {"authenticity_token"=>"[FILTERED]", "from_currency"=>"USD", "amount"=>"100", "to_currency"=>"UZS", "commit"=>"Convert"}
  Rendering layout layouts/application.html.erb
  Rendering converter/convert.html.erb within layouts/application
  Rendered converter/convert.html.erb within layouts/application (Duration: 0.3ms | Allocations: 165)
[Webpacker] Everything's up-to-date. Nothing to do
  Rendered layout layouts/application.html.erb (Duration: 3.2ms | Allocations: 2994)
Completed 200 OK in 869ms (Views: 3.8ms | Allocations: 4422)


Started GET "/" for 127.0.0.1 at 2023-04-01 20:12:54 +0600
Processing by ConverterController#index as HTML
  Rendering layout layouts/application.html.erb
  Rendering converter/index.html.erb within layouts/application
  Rendered converter/index.html.erb within layouts/application (Duration: 1.5ms | Allocations: 840)
[Webpacker] Everything's up-to-date. Nothing to do
  Rendered layout layouts/application.html.erb (Duration: 8.3ms | Allocations: 3678)
Completed 200 OK in 10ms (Views: 9.3ms | Allocations: 4122)


Started GET "/" for 127.0.0.1 at 2023-04-01 20:12:57 +0600
Processing by ConverterController#index as HTML
  Rendering layout layouts/application.html.erb
  Rendering converter/index.html.erb within layouts/application
  Rendered converter/index.html.erb within layouts/application (Duration: 1.8ms | Allocations: 840)
[Webpacker] Everything's up-to-date. Nothing to do
  Rendered layout layouts/application.html.erb (Duration: 9.0ms | Allocations: 3683)
Completed 200 OK in 10ms (Views: 9.6ms | Allocations: 4096)


Started GET "/" for 127.0.0.1 at 2023-04-01 20:12:57 +0600
Processing by ConverterController#index as HTML
  Rendering layout layouts/application.html.erb
  Rendering converter/index.html.erb within layouts/application
  Rendered converter/index.html.erb within layouts/application (Duration: 1.5ms | Allocations: 840)
[Webpacker] Everything's up-to-date. Nothing to do
  Rendered layout layouts/application.html.erb (Duration: 7.8ms | Allocations: 3678)
Completed 200 OK in 9ms (Views: 8.4ms | Allocations: 4082)


Started GET "/" for 127.0.0.1 at 2023-04-01 20:12:57 +0600
Processing by ConverterController#index as HTML
  Rendering layout layouts/application.html.erb
  Rendering converter/index.html.erb within layouts/application
  Rendered converter/index.html.erb within layouts/application (Duration: 1.6ms | Allocations: 840)
[Webpacker] Everything's up-to-date. Nothing to do
  Rendered layout layouts/application.html.erb (Duration: 8.7ms | Allocations: 3678)
Completed 200 OK in 11ms (Views: 9.7ms | Allocations: 4082)


Started GET "/" for 127.0.0.1 at 2023-04-01 20:12:58 +0600
Processing by ConverterController#index as HTML
  Rendering layout layouts/application.html.erb
  Rendering converter/index.html.erb within layouts/application
  Rendered converter/index.html.erb within layouts/application (Duration: 1.6ms | Allocations: 840)
[Webpacker] Everything's up-to-date. Nothing to do
  Rendered layout layouts/application.html.erb (Duration: 5.1ms | Allocations: 3678)
Completed 200 OK in 7ms (Views: 5.9ms | Allocations: 4097)


Started GET "/" for 127.0.0.1 at 2023-04-01 20:12:58 +0600
Processing by ConverterController#index as HTML
  Rendering layout layouts/application.html.erb
  Rendering converter/index.html.erb within layouts/application
  Rendered converter/index.html.erb within layouts/application (Duration: 1.4ms | Allocations: 840)
[Webpacker] Everything's up-to-date. Nothing to do
  Rendered layout layouts/application.html.erb (Duration: 8.0ms | Allocations: 3683)
Completed 200 OK in 16ms (Views: 8.7ms | Allocations: 4112)


Started GET "/" for 127.0.0.1 at 2023-04-01 20:12:59 +0600
Processing by ConverterController#index as HTML
  Rendering layout layouts/application.html.erb
  Rendering converter/index.html.erb within layouts/application
  Rendered converter/index.html.erb within layouts/application (Duration: 2.0ms | Allocations: 840)
[Webpacker] Everything's up-to-date. Nothing to do
  Rendered layout layouts/application.html.erb (Duration: 8.7ms | Allocations: 3679)
Completed 200 OK in 10ms (Views: 9.4ms | Allocations: 4107)


Started GET "/" for 127.0.0.1 at 2023-04-01 20:12:59 +0600
Processing by ConverterController#index as HTML
  Rendering layout layouts/application.html.erb
  Rendering converter/index.html.erb within layouts/application
  Rendered converter/index.html.erb within layouts/application (Duration: 1.5ms | Allocations: 840)
[Webpacker] Everything's up-to-date. Nothing to do
  Rendered layout layouts/application.html.erb (Duration: 8.7ms | Allocations: 3678)
Completed 200 OK in 11ms (Views: 9.8ms | Allocations: 4094)


Started GET "/" for 127.0.0.1 at 2023-04-01 20:13:00 +0600
Processing by ConverterController#index as HTML
  Rendering layout layouts/application.html.erb
  Rendering converter/index.html.erb within layouts/application
  Rendered converter/index.html.erb within layouts/application (Duration: 1.8ms | Allocations: 840)
[Webpacker] Everything's up-to-date. Nothing to do
  Rendered layout layouts/application.html.erb (Duration: 7.9ms | Allocations: 3678)
Completed 200 OK in 9ms (Views: 8.5ms | Allocations: 4112)


Started GET "/" for 127.0.0.1 at 2023-04-01 20:13:00 +0600
Processing by ConverterController#index as HTML
  Rendering layout layouts/application.html.erb
  Rendering converter/index.html.erb within layouts/application
  Rendered converter/index.html.erb within layouts/application (Duration: 1.4ms | Allocations: 840)
[Webpacker] Everything's up-to-date. Nothing to do
  Rendered layout layouts/application.html.erb (Duration: 8.7ms | Allocations: 3678)
Completed 200 OK in 10ms (Views: 9.6ms | Allocations: 4106)


Started GET "/" for 127.0.0.1 at 2023-04-01 20:13:02 +0600
Processing by ConverterController#index as HTML
  Rendering layout layouts/application.html.erb
  Rendering converter/index.html.erb within layouts/application
  Rendered converter/index.html.erb within layouts/application (Duration: 2.0ms | Allocations: 840)
[Webpacker] Everything's up-to-date. Nothing to do
  Rendered layout layouts/application.html.erb (Duration: 9.2ms | Allocations: 3678)
Completed 200 OK in 11ms (Views: 9.9ms | Allocations: 4101)


Started GET "/" for 127.0.0.1 at 2023-04-01 20:13:02 +0600
Processing by ConverterController#index as HTML
  Rendering layout layouts/application.html.erb
  Rendering converter/index.html.erb within layouts/application
  Rendered converter/index.html.erb within layouts/application (Duration: 1.5ms | Allocations: 840)
[Webpacker] Everything's up-to-date. Nothing to do
  Rendered layout layouts/application.html.erb (Duration: 8.0ms | Allocations: 3676)
Completed 200 OK in 10ms (Views: 9.2ms | Allocations: 4083)


Started GET "/" for 127.0.0.1 at 2023-04-01 20:13:03 +0600
Processing by ConverterController#index as HTML
  Rendering layout layouts/application.html.erb
  Rendering converter/index.html.erb within layouts/application
  Rendered converter/index.html.erb within layouts/application (Duration: 2.1ms | Allocations: 840)
[Webpacker] Everything's up-to-date. Nothing to do
  Rendered layout layouts/application.html.erb (Duration: 8.4ms | Allocations: 3678)
Completed 200 OK in 10ms (Views: 9.1ms | Allocations: 4082)


Started GET "/" for 127.0.0.1 at 2023-04-01 20:13:03 +0600
Processing by ConverterController#index as HTML
  Rendering layout layouts/application.html.erb
  Rendering converter/index.html.erb within layouts/application
  Rendered converter/index.html.erb within layouts/application (Duration: 1.4ms | Allocations: 840)
[Webpacker] Everything's up-to-date. Nothing to do
  Rendered layout layouts/application.html.erb (Duration: 8.0ms | Allocations: 3676)
Completed 200 OK in 9ms (Views: 8.6ms | Allocations: 4110)


Started GET "/" for 127.0.0.1 at 2023-04-01 20:13:03 +0600
Processing by ConverterController#index as HTML
  Rendering layout layouts/application.html.erb
  Rendering converter/index.html.erb within layouts/application
  Rendered converter/index.html.erb within layouts/application (Duration: 2.0ms | Allocations: 840)
[Webpacker] Everything's up-to-date. Nothing to do
  Rendered layout layouts/application.html.erb (Duration: 9.5ms | Allocations: 3676)
Completed 200 OK in 11ms (Views: 10.2ms | Allocations: 4093)


Started GET "/" for 127.0.0.1 at 2023-04-01 20:13:10 +0600
Processing by ConverterController#index as HTML
  Rendering layout layouts/application.html.erb
  Rendering converter/index.html.erb within layouts/application
  Rendered converter/index.html.erb within layouts/application (Duration: 1.3ms | Allocations: 840)
[Webpacker] Everything's up-to-date. Nothing to do
  Rendered layout layouts/application.html.erb (Duration: 21.1ms | Allocations: 7014)
Completed 200 OK in 23ms (Views: 22.0ms | Allocations: 7431)


Started GET "/" for 127.0.0.1 at 2023-04-01 20:13:11 +0600
Processing by ConverterController#index as HTML
  Rendering layout layouts/application.html.erb
  Rendering converter/index.html.erb within layouts/application
  Rendered converter/index.html.erb within layouts/application (Duration: 1.4ms | Allocations: 840)
[Webpacker] Everything's up-to-date. Nothing to do
  Rendered layout layouts/application.html.erb (Duration: 5.9ms | Allocations: 3678)
Completed 200 OK in 7ms (Views: 6.4ms | Allocations: 4095)


Started GET "/" for 127.0.0.1 at 2023-04-01 20:13:27 +0600
Processing by ConverterController#index as HTML
  Rendering layout layouts/application.html.erb
  Rendering converter/index.html.erb within layouts/application
  Rendered converter/index.html.erb within layouts/application (Duration: 52.5ms | Allocations: 1415)
[Webpacker] Everything's up-to-date. Nothing to do
  Rendered layout layouts/application.html.erb (Duration: 55.8ms | Allocations: 4651)
Completed 200 OK in 67ms (Views: 57.7ms | Allocations: 5588)


Started GET "/" for 127.0.0.1 at 2023-04-01 20:13:28 +0600
Processing by ConverterController#index as HTML
  Rendering layout layouts/application.html.erb
  Rendering converter/index.html.erb within layouts/application
  Rendered converter/index.html.erb within layouts/application (Duration: 1.7ms | Allocations: 840)
[Webpacker] Everything's up-to-date. Nothing to do
  Rendered layout layouts/application.html.erb (Duration: 8.4ms | Allocations: 3678)
Completed 200 OK in 10ms (Views: 9.0ms | Allocations: 4149)


Started GET "/" for 127.0.0.1 at 2023-04-01 20:13:29 +0600
Processing by ConverterController#index as HTML
  Rendering layout layouts/application.html.erb
  Rendering converter/index.html.erb within layouts/application
  Rendered converter/index.html.erb within layouts/application (Duration: 1.4ms | Allocations: 840)
[Webpacker] Everything's up-to-date. Nothing to do
  Rendered layout layouts/application.html.erb (Duration: 8.5ms | Allocations: 3679)
Completed 200 OK in 10ms (Views: 9.1ms | Allocations: 4113)


Started GET "/" for 127.0.0.1 at 2023-04-01 20:13:30 +0600
Processing by ConverterController#index as HTML
  Rendering layout layouts/application.html.erb
  Rendering converter/index.html.erb within layouts/application
  Rendered converter/index.html.erb within layouts/application (Duration: 2.1ms | Allocations: 840)
[Webpacker] Everything's up-to-date. Nothing to do
  Rendered layout layouts/application.html.erb (Duration: 11.2ms | Allocations: 3678)
Completed 200 OK in 13ms (Views: 11.9ms | Allocations: 4097)


Started GET "/" for 127.0.0.1 at 2023-04-01 20:13:31 +0600
Processing by ConverterController#index as HTML
  Rendering layout layouts/application.html.erb
  Rendering converter/index.html.erb within layouts/application
  Rendered converter/index.html.erb within layouts/application (Duration: 1.3ms | Allocations: 840)
[Webpacker] Everything's up-to-date. Nothing to do
  Rendered layout layouts/application.html.erb (Duration: 7.7ms | Allocations: 3678)
Completed 200 OK in 9ms (Views: 8.3ms | Allocations: 4085)


Started GET "/converter/convert" for 127.0.0.1 at 2023-04-01 20:14:20 +0600
  
ActionController::RoutingError (No route matches [GET] "/converter/convert"):
  
Started GET "/" for 127.0.0.1 at 2023-04-01 20:14:22 +0600
Processing by ConverterController#index as HTML
  Rendering layout layouts/application.html.erb
  Rendering converter/index.html.erb within layouts/application
  Rendered converter/index.html.erb within layouts/application (Duration: 2.9ms | Allocations: 1467)
[Webpacker] Everything's up-to-date. Nothing to do
  Rendered layout layouts/application.html.erb (Duration: 19.6ms | Allocations: 8177)
Completed 200 OK in 23ms (Views: 21.5ms | Allocations: 9039)


Started POST "/converter/convert" for 127.0.0.1 at 2023-04-01 20:14:33 +0600
Processing by ConverterController#convert as HTML
  Parameters: {"authenticity_token"=>"[FILTERED]", "from_currency"=>"EUR", "amount"=>"998", "to_currency"=>"USD", "commit"=>"Convert"}
  Rendering layout layouts/application.html.erb
  Rendering converter/convert.html.erb within layouts/application
  Rendered converter/convert.html.erb within layouts/application (Duration: 0.3ms | Allocations: 170)
[Webpacker] Everything's up-to-date. Nothing to do
  Rendered layout layouts/application.html.erb (Duration: 3.1ms | Allocations: 3004)
Completed 200 OK in 979ms (Views: 3.6ms | Allocations: 4435)


Started POST "/converter/convert" for 127.0.0.1 at 2023-04-01 20:14:38 +0600
Processing by ConverterController#convert as HTML
  Parameters: {"authenticity_token"=>"[FILTERED]", "from_currency"=>"RUB", "amount"=>"998", "to_currency"=>"USD", "commit"=>"Convert"}
  Rendering layout layouts/application.html.erb
  Rendering converter/convert.html.erb within layouts/application
  Rendered converter/convert.html.erb within layouts/application (Duration: 0.0ms | Allocations: 10)
[Webpacker] Everything's up-to-date. Nothing to do
  Rendered layout layouts/application.html.erb (Duration: 3.3ms | Allocations: 2841)
Completed 200 OK in 1053ms (Views: 3.7ms | Allocations: 3900)


Started GET "/" for 127.0.0.1 at 2023-04-01 20:15:15 +0600
Processing by ConverterController#index as HTML
  Rendering layout layouts/application.html.erb
  Rendering converter/index.html.erb within layouts/application
  Rendered converter/index.html.erb within layouts/application (Duration: 1.9ms | Allocations: 899)
[Webpacker] Everything's up-to-date. Nothing to do
  Rendered layout layouts/application.html.erb (Duration: 20.3ms | Allocations: 7133)
Completed 200 OK in 21ms (Views: 20.8ms | Allocations: 7522)


Started GET "/" for 127.0.0.1 at 2023-04-01 20:15:16 +0600
Processing by ConverterController#index as HTML
  Rendering layout layouts/application.html.erb
  Rendering converter/index.html.erb within layouts/application
  Rendered converter/index.html.erb within layouts/application (Duration: 1.7ms | Allocations: 899)
[Webpacker] Everything's up-to-date. Nothing to do
  Rendered layout layouts/application.html.erb (Duration: 8.3ms | Allocations: 3738)
Completed 200 OK in 10ms (Views: 8.9ms | Allocations: 4136)


Started GET "/" for 127.0.0.1 at 2023-04-01 20:15:31 +0600
Processing by ConverterController#index as HTML
  Rendering layout layouts/application.html.erb
  Rendering converter/index.html.erb within layouts/application
  Rendered converter/index.html.erb within layouts/application (Duration: 1.4ms | Allocations: 899)
[Webpacker] Everything's up-to-date. Nothing to do
  Rendered layout layouts/application.html.erb (Duration: 18.1ms | Allocations: 7123)
Completed 200 OK in 19ms (Views: 18.7ms | Allocations: 7503)


Started GET "/" for 127.0.0.1 at 2023-04-01 20:15:31 +0600
Processing by ConverterController#index as HTML
  Rendering layout layouts/application.html.erb
  Rendering converter/index.html.erb within layouts/application
  Rendered converter/index.html.erb within layouts/application (Duration: 1.4ms | Allocations: 899)
[Webpacker] Everything's up-to-date. Nothing to do
  Rendered layout layouts/application.html.erb (Duration: 8.7ms | Allocations: 3738)
Completed 200 OK in 10ms (Views: 9.7ms | Allocations: 4133)


Started GET "/" for 127.0.0.1 at 2023-04-01 20:15:32 +0600
Processing by ConverterController#index as HTML
  Rendering layout layouts/application.html.erb
  Rendering converter/index.html.erb within layouts/application
  Rendered converter/index.html.erb within layouts/application (Duration: 2.1ms | Allocations: 899)
[Webpacker] Everything's up-to-date. Nothing to do
  Rendered layout layouts/application.html.erb (Duration: 8.8ms | Allocations: 3736)
Completed 200 OK in 10ms (Views: 9.4ms | Allocations: 4116)


Started GET "/" for 127.0.0.1 at 2023-04-01 20:15:43 +0600
Processing by ConverterController#index as HTML
  Rendering layout layouts/application.html.erb
  Rendering converter/index.html.erb within layouts/application
  Rendered converter/index.html.erb within layouts/application (Duration: 1.3ms | Allocations: 899)
[Webpacker] Everything's up-to-date. Nothing to do
  Rendered layout layouts/application.html.erb (Duration: 11.9ms | Allocations: 7127)
Completed 200 OK in 14ms (Views: 12.6ms | Allocations: 7510)


Started GET "/" for 127.0.0.1 at 2023-04-01 20:15:44 +0600
Processing by ConverterController#index as HTML
  Rendering layout layouts/application.html.erb
  Rendering converter/index.html.erb within layouts/application
  Rendered converter/index.html.erb within layouts/application (Duration: 2.8ms | Allocations: 899)
[Webpacker] Everything's up-to-date. Nothing to do
  Rendered layout layouts/application.html.erb (Duration: 7.9ms | Allocations: 3738)
Completed 200 OK in 9ms (Views: 8.3ms | Allocations: 4125)


Started GET "/" for 127.0.0.1 at 2023-04-01 20:37:53 +0600
Processing by ConverterController#index as HTML
  Rendering layout layouts/application.html.erb
  Rendering converter/index.html.erb within layouts/application
  Rendered converter/index.html.erb within layouts/application (Duration: 4.5ms | Allocations: 2285)
[Webpacker] Everything's up-to-date. Nothing to do
  Rendered layout layouts/application.html.erb (Duration: 14.5ms | Allocations: 9102)
Completed 200 OK in 20ms (Views: 16.0ms | Allocations: 10018)


Started POST "/converter/convert" for 127.0.0.1 at 2023-04-01 20:38:04 +0600
Processing by ConverterController#convert as HTML
  Parameters: {"authenticity_token"=>"[FILTERED]", "from_currency"=>"EUR", "amount"=>"100", "to_currency"=>"KZT", "commit"=>"Convert"}
  Rendering layout layouts/application.html.erb
  Rendering converter/convert.html.erb within layouts/application
  Rendered converter/convert.html.erb within layouts/application (Duration: 0.3ms | Allocations: 170)
[Webpacker] Everything's up-to-date. Nothing to do
  Rendered layout layouts/application.html.erb (Duration: 3.3ms | Allocations: 3004)
Completed 200 OK in 812ms (Views: 3.8ms | Allocations: 4434)


Started GET "/" for 127.0.0.1 at 2023-04-01 20:47:42 +0600
Processing by ConverterController#index as HTML
  Rendering layout layouts/application.html.erb
  Rendering converter/index.html.erb within layouts/application
  Rendered converter/index.html.erb within layouts/application (Duration: 2.6ms | Allocations: 1424)
[Webpacker] Everything's up-to-date. Nothing to do
  Rendered layout layouts/application.html.erb (Duration: 16.2ms | Allocations: 7757)
Completed 200 OK in 17ms (Views: 16.7ms | Allocations: 8159)


Started GET "/" for 127.0.0.1 at 2023-04-01 20:47:43 +0600
Processing by ConverterController#index as HTML
  Rendering layout layouts/application.html.erb
  Rendering converter/index.html.erb within layouts/application
  Rendered converter/index.html.erb within layouts/application (Duration: 2.2ms | Allocations: 1424)
[Webpacker] Everything's up-to-date. Nothing to do
  Rendered layout layouts/application.html.erb (Duration: 8.0ms | Allocations: 4263)
Completed 200 OK in 9ms (Views: 8.5ms | Allocations: 4655)


Started GET "/" for 127.0.0.1 at 2023-04-01 20:47:56 +0600
Processing by ConverterController#index as HTML
  Rendering layout layouts/application.html.erb
  Rendering converter/index.html.erb within layouts/application
  Rendered converter/index.html.erb within layouts/application (Duration: 1.8ms | Allocations: 1424)
[Webpacker] Everything's up-to-date. Nothing to do
  Rendered layout layouts/application.html.erb (Duration: 18.6ms | Allocations: 7757)
Completed 200 OK in 20ms (Views: 19.0ms | Allocations: 8164)


Started GET "/" for 127.0.0.1 at 2023-04-01 20:47:56 +0600
Processing by ConverterController#index as HTML
  Rendering layout layouts/application.html.erb
  Rendering converter/index.html.erb within layouts/application
  Rendered converter/index.html.erb within layouts/application (Duration: 2.0ms | Allocations: 1424)
[Webpacker] Everything's up-to-date. Nothing to do
  Rendered layout layouts/application.html.erb (Duration: 7.0ms | Allocations: 4263)
Completed 200 OK in 8ms (Views: 7.5ms | Allocations: 4676)


Started POST "/converter/convert" for 127.0.0.1 at 2023-04-01 20:48:05 +0600
Processing by ConverterController#convert as HTML
  Parameters: {"authenticity_token"=>"[FILTERED]", "from_currency"=>"UZS", "amount"=>"100", "to_currency"=>"KZT", "commit"=>"Convert"}
  Rendering layout layouts/application.html.erb
  Rendering converter/convert.html.erb within layouts/application
  Rendered converter/convert.html.erb within layouts/application (Duration: 0.0ms | Allocations: 10)
[Webpacker] Everything's up-to-date. Nothing to do
  Rendered layout layouts/application.html.erb (Duration: 3.1ms | Allocations: 2923)
Completed 200 OK in 724ms (Views: 3.6ms | Allocations: 3980)


Started GET "/" for 127.0.0.1 at 2023-04-01 20:48:16 +0600
Processing by ConverterController#index as HTML
  Rendering layout layouts/application.html.erb
  Rendering converter/index.html.erb within layouts/application
  Rendered converter/index.html.erb within layouts/application (Duration: 1.0ms | Allocations: 1424)
[Webpacker] Everything's up-to-date. Nothing to do
  Rendered layout layouts/application.html.erb (Duration: 9.1ms | Allocations: 7755)
Completed 200 OK in 10ms (Views: 9.4ms | Allocations: 8144)


Started GET "/" for 127.0.0.1 at 2023-04-01 20:48:35 +0600
Processing by ConverterController#index as HTML
  Rendering layout layouts/application.html.erb
  Rendering converter/index.html.erb within layouts/application
  Rendered converter/index.html.erb within layouts/application (Duration: 0.9ms | Allocations: 1424)
[Webpacker] Everything's up-to-date. Nothing to do
  Rendered layout layouts/application.html.erb (Duration: 7.5ms | Allocations: 7754)
Completed 200 OK in 8ms (Views: 7.7ms | Allocations: 8156)


Started GET "/" for 127.0.0.1 at 2023-04-01 20:48:36 +0600
Processing by ConverterController#index as HTML
  Rendering layout layouts/application.html.erb
  Rendering converter/index.html.erb within layouts/application
  Rendered converter/index.html.erb within layouts/application (Duration: 2.4ms | Allocations: 1424)
[Webpacker] Everything's up-to-date. Nothing to do
  Rendered layout layouts/application.html.erb (Duration: 8.9ms | Allocations: 4268)
Completed 200 OK in 10ms (Views: 9.4ms | Allocations: 4667)


Started GET "/" for 127.0.0.1 at 2023-04-01 20:49:41 +0600
Processing by ConverterController#index as HTML
  Rendering layout layouts/application.html.erb
  Rendering converter/index.html.erb within layouts/application
  Rendered converter/index.html.erb within layouts/application (Duration: 6.3ms | Allocations: 1424)
[Webpacker] Everything's up-to-date. Nothing to do
  Rendered layout layouts/application.html.erb (Duration: 11.1ms | Allocations: 4352)
Completed 200 OK in 12ms (Views: 11.6ms | Allocations: 4763)


Started GET "/" for 127.0.0.1 at 2023-04-01 20:49:46 +0600
Processing by ConverterController#index as HTML
  Rendering layout layouts/application.html.erb
  Rendering converter/index.html.erb within layouts/application
  Rendered converter/index.html.erb within layouts/application (Duration: 2.4ms | Allocations: 1424)
[Webpacker] Everything's up-to-date. Nothing to do
  Rendered layout layouts/application.html.erb (Duration: 8.7ms | Allocations: 4263)
Completed 200 OK in 10ms (Views: 9.1ms | Allocations: 4672)


Started GET "/" for 127.0.0.1 at 2023-04-01 20:52:11 +0600
Processing by ConverterController#index as HTML
  Rendering layout layouts/application.html.erb
  Rendering converter/index.html.erb within layouts/application
  Rendered converter/index.html.erb within layouts/application (Duration: 1.1ms | Allocations: 1424)
[Webpacker] Everything's up-to-date. Nothing to do
  Rendered layout layouts/application.html.erb (Duration: 11.9ms | Allocations: 7791)
Completed 200 OK in 13ms (Views: 12.1ms | Allocations: 8197)


Started GET "/" for 127.0.0.1 at 2023-04-01 20:52:12 +0600
Processing by ConverterController#index as HTML
  Rendering layout layouts/application.html.erb
  Rendering converter/index.html.erb within layouts/application
  Rendered converter/index.html.erb within layouts/application (Duration: 3.1ms | Allocations: 1424)
[Webpacker] Everything's up-to-date. Nothing to do
  Rendered layout layouts/application.html.erb (Duration: 10.5ms | Allocations: 4263)
Completed 200 OK in 12ms (Views: 11.1ms | Allocations: 4698)


Started GET "/" for 127.0.0.1 at 2023-04-01 20:52:12 +0600
Processing by ConverterController#index as HTML
  Rendering layout layouts/application.html.erb
  Rendering converter/index.html.erb within layouts/application
  Rendered converter/index.html.erb within layouts/application (Duration: 2.3ms | Allocations: 1424)
[Webpacker] Everything's up-to-date. Nothing to do
  Rendered layout layouts/application.html.erb (Duration: 8.6ms | Allocations: 4261)
Completed 200 OK in 10ms (Views: 9.1ms | Allocations: 4699)


Started GET "/" for 127.0.0.1 at 2023-04-01 20:52:21 +0600
Processing by ConverterController#index as HTML
  Rendering layout layouts/application.html.erb
  Rendering converter/index.html.erb within layouts/application
  Rendered converter/index.html.erb within layouts/application (Duration: 2.0ms | Allocations: 1424)
[Webpacker] Everything's up-to-date. Nothing to do
  Rendered layout layouts/application.html.erb (Duration: 8.8ms | Allocations: 4263)
Completed 200 OK in 10ms (Views: 9.6ms | Allocations: 4698)


Started GET "/" for 127.0.0.1 at 2023-04-01 20:52:22 +0600
Processing by ConverterController#index as HTML
  Rendering layout layouts/application.html.erb
  Rendering converter/index.html.erb within layouts/application
  Rendered converter/index.html.erb within layouts/application (Duration: 2.6ms | Allocations: 1424)
[Webpacker] Everything's up-to-date. Nothing to do
  Rendered layout layouts/application.html.erb (Duration: 8.9ms | Allocations: 4263)
Completed 200 OK in 10ms (Views: 9.5ms | Allocations: 4674)


Started POST "/converter/convert" for 127.0.0.1 at 2023-04-01 20:52:26 +0600
Processing by ConverterController#convert as HTML
  Parameters: {"authenticity_token"=>"[FILTERED]", "from_currency"=>"UAH", "amount"=>"100", "to_currency"=>"UZS", "commit"=>"Convert"}
  Rendering layout layouts/application.html.erb
  Rendering converter/convert.html.erb within layouts/application
  Rendered converter/convert.html.erb within layouts/application (Duration: 0.1ms | Allocations: 10)
[Webpacker] Everything's up-to-date. Nothing to do
  Rendered layout layouts/application.html.erb (Duration: 5.9ms | Allocations: 2839)
Completed 200 OK in 707ms (Views: 6.6ms | Allocations: 4098)


Started GET "/" for 127.0.0.1 at 2023-04-01 20:54:13 +0600
Processing by ConverterController#index as HTML
  Rendering layout layouts/application.html.erb
  Rendering converter/index.html.erb within layouts/application
  Rendered converter/index.html.erb within layouts/application (Duration: 2.3ms | Allocations: 1424)
[Webpacker] Everything's up-to-date. Nothing to do
  Rendered layout layouts/application.html.erb (Duration: 12.8ms | Allocations: 7754)
Completed 200 OK in 14ms (Views: 13.3ms | Allocations: 8161)


Started GET "/" for 127.0.0.1 at 2023-04-01 20:54:15 +0600
Processing by ConverterController#index as HTML
  Rendering layout layouts/application.html.erb
  Rendering converter/index.html.erb within layouts/application
  Rendered converter/index.html.erb within layouts/application (Duration: 2.3ms | Allocations: 1424)
[Webpacker] Everything's up-to-date. Nothing to do
  Rendered layout layouts/application.html.erb (Duration: 8.5ms | Allocations: 4263)
Completed 200 OK in 10ms (Views: 9.1ms | Allocations: 4677)


Started GET "/" for 127.0.0.1 at 2023-04-01 20:54:15 +0600
Processing by ConverterController#index as HTML
  Rendering layout layouts/application.html.erb
  Rendering converter/index.html.erb within layouts/application
  Rendered converter/index.html.erb within layouts/application (Duration: 2.3ms | Allocations: 1424)
[Webpacker] Everything's up-to-date. Nothing to do
  Rendered layout layouts/application.html.erb (Duration: 9.3ms | Allocations: 4262)
Completed 200 OK in 11ms (Views: 9.9ms | Allocations: 4654)


Started GET "/" for 127.0.0.1 at 2023-04-01 20:54:16 +0600
Processing by ConverterController#index as HTML
  Rendering layout layouts/application.html.erb
  Rendering converter/index.html.erb within layouts/application
  Rendered converter/index.html.erb within layouts/application (Duration: 4.1ms | Allocations: 1424)
[Webpacker] Everything's up-to-date. Nothing to do
  Rendered layout layouts/application.html.erb (Duration: 11.1ms | Allocations: 4266)
Completed 200 OK in 12ms (Views: 11.6ms | Allocations: 4664)


Started GET "/converter/convert" for 127.0.0.1 at 2023-04-01 20:54:19 +0600
  
ActionController::RoutingError (No route matches [GET] "/converter/convert"):
  
Started GET "/converter/convert" for 127.0.0.1 at 2023-04-01 20:54:21 +0600
  
ActionController::RoutingError (No route matches [GET] "/converter/convert"):
  
Started GET "/" for 127.0.0.1 at 2023-04-01 20:54:26 +0600
Processing by ConverterController#index as HTML
  Rendering layout layouts/application.html.erb
  Rendering converter/index.html.erb within layouts/application
  Rendered converter/index.html.erb within layouts/application (Duration: 2.6ms | Allocations: 1424)
[Webpacker] Everything's up-to-date. Nothing to do
  Rendered layout layouts/application.html.erb (Duration: 9.2ms | Allocations: 4268)
Completed 200 OK in 10ms (Views: 9.7ms | Allocations: 4683)


Started GET "/" for 127.0.0.1 at 2023-04-01 20:54:27 +0600
Processing by ConverterController#index as HTML
  Rendering layout layouts/application.html.erb
  Rendering converter/index.html.erb within layouts/application
  Rendered converter/index.html.erb within layouts/application (Duration: 2.6ms | Allocations: 1424)
[Webpacker] Everything's up-to-date. Nothing to do
  Rendered layout layouts/application.html.erb (Duration: 9.0ms | Allocations: 4263)
Completed 200 OK in 10ms (Views: 9.4ms | Allocations: 4683)


Started GET "/" for 127.0.0.1 at 2023-04-01 20:54:27 +0600
Processing by ConverterController#index as HTML
  Rendering layout layouts/application.html.erb
  Rendering converter/index.html.erb within layouts/application
  Rendered converter/index.html.erb within layouts/application (Duration: 2.0ms | Allocations: 1424)
[Webpacker] Everything's up-to-date. Nothing to do
  Rendered layout layouts/application.html.erb (Duration: 8.5ms | Allocations: 4263)
Completed 200 OK in 10ms (Views: 9.2ms | Allocations: 4677)


Started GET "/" for 127.0.0.1 at 2023-04-01 20:54:27 +0600
Processing by ConverterController#index as HTML
  Rendering layout layouts/application.html.erb
  Rendering converter/index.html.erb within layouts/application
  Rendered converter/index.html.erb within layouts/application (Duration: 2.4ms | Allocations: 1424)
[Webpacker] Everything's up-to-date. Nothing to do
  Rendered layout layouts/application.html.erb (Duration: 8.8ms | Allocations: 4263)
Completed 200 OK in 10ms (Views: 9.6ms | Allocations: 4689)


